{"uuid":"5cd60288-0cf9-4979-a74c-33377cbda8c9","historyId":"5e2b0bbac105ced8d5d5e8582e0f2533","testCaseId":"[engine:junit-jupiter]/[class:tests.flatSearchUiTests.FilterSearchTest]/[method:testFilterValuesAndTags()]","testCaseName":"Проверка установки значений фильтров и отображения тегов","fullName":"tests.flatSearchUiTests.FilterSearchTest.testFilterValuesAndTags","labels":[{"name":"junit.platform.uniqueid","value":"[engine:junit-jupiter]/[class:tests.flatSearchUiTests.FilterSearchTest]/[method:testFilterValuesAndTags()]"},{"name":"story","value":"Фильтрация недвижимости"},{"name":"host","value":"DESKTOP-KS2QIT4"},{"name":"thread","value":"28120@DESKTOP-KS2QIT4.main(1)"},{"name":"framework","value":"junit-platform"},{"name":"language","value":"java"},{"name":"package","value":"tests.flatSearchUiTests.FilterSearchTest"},{"name":"testClass","value":"tests.flatSearchUiTests.FilterSearchTest"},{"name":"testMethod","value":"testFilterValuesAndTags"},{"name":"suite","value":"tests.flatSearchUiTests.FilterSearchTest"}],"links":[],"name":"Проверка установки значений фильтров и отображения тегов","status":"failed","statusDetails":{"known":false,"muted":false,"flaky":false,"message":"Invalid element state [li.dropdown-item .checkbox__element]: element click intercepted: Element <input tabindex=\"-1\" class=\"checkbox__element\" name=\"\" type=\"checkbox\" value=\"5983801cd07ed144bb7cca1b\"> is not clickable at point (722, 492). Other element would receive the click: <li class=\"dropdown-item\" role=\"option\" aria-selected=\"false\" tabindex=\"-1\" title=\"\">...</li>\r\nScreenshot: file:/C:/Users/Bilop/Documents/qa_guru_diploma_repo-5/build/reports/tests/1753348818757.0.png\r\nPage source: file:/C:/Users/Bilop/Documents/qa_guru_diploma_repo-5/build/reports/tests/1753348818757.0.html\r\nTimeout: 4 s.\r\nCaused by: ElementClickInterceptedException: element click intercepted: Element <input tabindex=\"-1\" class=\"checkbox__element\" name=\"\" type=\"checkbox\" value=\"5983801cd07ed144bb7cca1b\"> is not clickable at point (722, 492). Other element would receive the click: <li class=\"dropdown-item\" role=\"option\" aria-selected=\"false\" tabindex=\"-1\" title=\"\">...</li>","trace":"Invalid element state [li.dropdown-item .checkbox__element]: element click intercepted: Element <input tabindex=\"-1\" class=\"checkbox__element\" name=\"\" type=\"checkbox\" value=\"5983801cd07ed144bb7cca1b\"> is not clickable at point (722, 492). Other element would receive the click: <li class=\"dropdown-item\" role=\"option\" aria-selected=\"false\" tabindex=\"-1\" title=\"\">...</li>\r\nScreenshot: file:/C:/Users/Bilop/Documents/qa_guru_diploma_repo-5/build/reports/tests/1753348818757.0.png\r\nPage source: file:/C:/Users/Bilop/Documents/qa_guru_diploma_repo-5/build/reports/tests/1753348818757.0.html\r\nTimeout: 4 s.\r\nCaused by: ElementClickInterceptedException: element click intercepted: Element <input tabindex=\"-1\" class=\"checkbox__element\" name=\"\" type=\"checkbox\" value=\"5983801cd07ed144bb7cca1b\"> is not clickable at point (722, 492). Other element would receive the click: <li class=\"dropdown-item\" role=\"option\" aria-selected=\"false\" tabindex=\"-1\" title=\"\">...</li>\r\n\tat com.codeborne.selenide.impl.ExceptionWrapper.wrap(ExceptionWrapper.java:19)\r\n\tat com.codeborne.selenide.impl.SelenideElementProxy.dispatchAndRetry(SelenideElementProxy.java:153)\r\n\tat com.codeborne.selenide.impl.SelenideElementProxy.invoke(SelenideElementProxy.java:83)\r\n\tat jdk.proxy2/jdk.proxy2.$Proxy13.click(Unknown Source)\r\n\tat pages.FilterSearchPage.setDistrict(FilterSearchPage.java:147)\r\n\tat tests.flatSearchUiTests.FilterSearchTest.testFilterValuesAndTags(FilterSearchTest.java:47)\r\n\tat java.base/java.lang.reflect.Method.invoke(Method.java:568)\r\n\tat java.base/java.util.ArrayList.forEach(ArrayList.java:1511)\r\n\tat java.base/java.util.ArrayList.forEach(ArrayList.java:1511)\r\nCaused by: org.openqa.selenium.ElementClickInterceptedException: element click intercepted: Element <input tabindex=\"-1\" class=\"checkbox__element\" name=\"\" type=\"checkbox\" value=\"5983801cd07ed144bb7cca1b\"> is not clickable at point (722, 492). Other element would receive the click: <li class=\"dropdown-item\" role=\"option\" aria-selected=\"false\" tabindex=\"-1\" title=\"\">...</li>\n  (Session info: chrome=138.0.7204.158)\nBuild info: version: '4.32.0', revision: 'd17c8aa950'\nSystem info: os.name: 'Windows 10', os.arch: 'amd64', os.version: '10.0', java.version: '17.0.12'\nDriver info: org.openqa.selenium.chrome.ChromeDriver\nCommand: [0aa22a6dc9151c4290aea0b86b9f0105, clickElement {id=f.327DC8AD87D1BE480A2DD83A297BE42B.d.C01202545F8A54AA16A097FBCC4733F5.e.29}]\nCapabilities {acceptInsecureCerts: true, browserName: chrome, browserVersion: 138.0.7204.158, chrome: {chromedriverVersion: 138.0.7204.168 (3e8d82e86e9..., userDataDir: C:\\Users\\Bilop\\AppData\\Loca...}, fedcm:accounts: true, goog:chromeOptions: {debuggerAddress: localhost:64119}, networkConnectionEnabled: false, pageLoadStrategy: normal, platformName: windows, proxy: Proxy(), se:cdp: ws://localhost:64119/devtoo..., se:cdpVersion: 138.0.7204.158, setWindowRect: true, strictFileInteractability: false, timeouts: {implicit: 0, pageLoad: 300000, script: 30000}, unhandledPromptBehavior: accept, webauthn:extension:credBlob: true, webauthn:extension:largeBlob: true, webauthn:extension:minPinLength: true, webauthn:extension:prf: true, webauthn:virtualAuthenticators: true}\nElement: [[ChromeDriver: chrome on windows (0aa22a6dc9151c4290aea0b86b9f0105)] -> css selector: li.dropdown-item .checkbox__element]\nSession ID: 0aa22a6dc9151c4290aea0b86b9f0105\r\n\tat java.base/jdk.internal.reflect.NativeConstructorAccessorImpl.newInstance0(Native Method)\r\n\tat java.base/jdk.internal.reflect.NativeConstructorAccessorImpl.newInstance(NativeConstructorAccessorImpl.java:77)\r\n\tat java.base/jdk.internal.reflect.DelegatingConstructorAccessorImpl.newInstance(DelegatingConstructorAccessorImpl.java:45)\r\n\tat java.base/java.lang.reflect.Constructor.newInstanceWithCaller(Constructor.java:499)\r\n\tat java.base/java.lang.reflect.Constructor.newInstance(Constructor.java:480)\r\n\tat org.openqa.selenium.remote.ErrorCodec.decode(ErrorCodec.java:167)\r\n\tat org.openqa.selenium.remote.codec.w3c.W3CHttpResponseCodec.decode(W3CHttpResponseCodec.java:138)\r\n\tat org.openqa.selenium.remote.codec.w3c.W3CHttpResponseCodec.decode(W3CHttpResponseCodec.java:50)\r\n\tat org.openqa.selenium.remote.HttpCommandExecutor.execute(HttpCommandExecutor.java:215)\r\n\tat org.openqa.selenium.remote.service.DriverCommandExecutor.invokeExecute(DriverCommandExecutor.java:216)\r\n\tat org.openqa.selenium.remote.service.DriverCommandExecutor.execute(DriverCommandExecutor.java:174)\r\n\tat org.openqa.selenium.remote.RemoteWebDriver.execute(RemoteWebDriver.java:545)\r\n\tat org.openqa.selenium.remote.RemoteWebElement.execute(RemoteWebElement.java:223)\r\n\tat org.openqa.selenium.remote.RemoteWebElement.click(RemoteWebElement.java:76)\r\n\tat com.codeborne.selenide.commands.Click.defaultClick(Click.java:102)\r\n\tat com.codeborne.selenide.commands.Click.doClick(Click.java:80)\r\n\tat com.codeborne.selenide.commands.Click.click(Click.java:56)\r\n\tat com.codeborne.selenide.commands.Click.execute(Click.java:36)\r\n\tat com.codeborne.selenide.FluentCommand.execute(FluentCommand.java:27)\r\n\tat com.codeborne.selenide.FluentCommand.execute(FluentCommand.java:19)\r\n\tat com.codeborne.selenide.commands.Commands.execute(Commands.java:160)\r\n\tat com.codeborne.selenide.impl.SelenideElementProxy.dispatchAndRetry(SelenideElementProxy.java:131)\r\n\t... 7 more\r\n"},"stage":"finished","description":"Тест проверяет установку значений в фильтрах и соответствие отображаемых тегов выбранным значениям","steps":[],"attachments":[],"parameters":[],"start":1753348812024,"stop":1753348818947}