{"uuid":"a8155322-e98c-4f0a-a824-0a96812cdbe5","historyId":"5e2b0bbac105ced8d5d5e8582e0f2533","testCaseId":"[engine:junit-jupiter]/[class:tests.flatSearchUiTests.FilterSearchTest]/[method:testFilterValuesAndTags()]","testCaseName":"Проверка установки значений фильтров и отображения тегов","fullName":"tests.flatSearchUiTests.FilterSearchTest.testFilterValuesAndTags","labels":[{"name":"junit.platform.uniqueid","value":"[engine:junit-jupiter]/[class:tests.flatSearchUiTests.FilterSearchTest]/[method:testFilterValuesAndTags()]"},{"name":"story","value":"Фильтрация недвижимости"},{"name":"host","value":"DESKTOP-KS2QIT4"},{"name":"thread","value":"26512@DESKTOP-KS2QIT4.main(1)"},{"name":"framework","value":"junit-platform"},{"name":"language","value":"java"},{"name":"package","value":"tests.flatSearchUiTests.FilterSearchTest"},{"name":"testClass","value":"tests.flatSearchUiTests.FilterSearchTest"},{"name":"testMethod","value":"testFilterValuesAndTags"},{"name":"suite","value":"tests.flatSearchUiTests.FilterSearchTest"}],"links":[],"name":"Проверка установки значений фильтров и отображения тегов","status":"failed","statusDetails":{"known":false,"muted":false,"flaky":false,"message":"Element not found {.filter-search-box__params.findBy(text \"Количество комнат\")}\r\nExpected: clickable: interactable and enabled\r\nScreenshot: file:/C:/Users/Bilop/Documents/qa_guru_diploma_repo-5/build/reports/tests/1753351669740.0.png\r\nPage source: file:/C:/Users/Bilop/Documents/qa_guru_diploma_repo-5/build/reports/tests/1753351669740.0.html\r\nTimeout: 4 s.\r\nCaused by: NoSuchElementException: Cannot locate an element .filter-search-box__params.findBy(text \"Количество комнат\")","trace":"Element not found {.filter-search-box__params.findBy(text \"Количество комнат\")}\r\nExpected: clickable: interactable and enabled\r\nScreenshot: file:/C:/Users/Bilop/Documents/qa_guru_diploma_repo-5/build/reports/tests/1753351669740.0.png\r\nPage source: file:/C:/Users/Bilop/Documents/qa_guru_diploma_repo-5/build/reports/tests/1753351669740.0.html\r\nTimeout: 4 s.\r\nCaused by: NoSuchElementException: Cannot locate an element .filter-search-box__params.findBy(text \"Количество комнат\")\r\n\tat com.codeborne.selenide.impl.WebElementSource.createElementNotFoundError(WebElementSource.java:89)\r\n\tat com.codeborne.selenide.impl.WebElementSource.handleError(WebElementSource.java:140)\r\n\tat com.codeborne.selenide.impl.WebElementSource.checkConditionAndReturnElement(WebElementSource.java:123)\r\n\tat com.codeborne.selenide.impl.WebElementSource.findAndAssertElementIsClickable(WebElementSource.java:169)\r\n\tat com.codeborne.selenide.commands.Click.findElement(Click.java:50)\r\n\tat com.codeborne.selenide.commands.Click.execute(Click.java:36)\r\n\tat com.codeborne.selenide.FluentCommand.execute(FluentCommand.java:27)\r\n\tat com.codeborne.selenide.FluentCommand.execute(FluentCommand.java:19)\r\n\tat com.codeborne.selenide.commands.Commands.execute(Commands.java:160)\r\n\tat com.codeborne.selenide.impl.SelenideElementProxy.dispatchAndRetry(SelenideElementProxy.java:131)\r\n\tat com.codeborne.selenide.impl.SelenideElementProxy.invoke(SelenideElementProxy.java:83)\r\n\tat jdk.proxy2/jdk.proxy2.$Proxy13.click(Unknown Source)\r\n\tat pages.FilterSearchPage.openRoomsSelect(FilterSearchPage.java:88)\r\n\tat pages.FilterSearchPage.setRooms(FilterSearchPage.java:194)\r\n\tat tests.flatSearchUiTests.FilterSearchTest.testFilterValuesAndTags(FilterSearchTest.java:49)\r\n\tat java.base/java.lang.reflect.Method.invoke(Method.java:568)\r\n\tat java.base/java.util.ArrayList.forEach(ArrayList.java:1511)\r\n\tat java.base/java.util.ArrayList.forEach(ArrayList.java:1511)\r\nCaused by: org.openqa.selenium.NoSuchElementException: Cannot locate an element .filter-search-box__params.findBy(text \"Количество комнат\")\nFor documentation on this error, please visit: https://www.selenium.dev/documentation/webdriver/troubleshooting/errors#no-such-element-exception\nBuild info: version: '4.32.0', revision: 'd17c8aa950'\nSystem info: os.name: 'Windows 10', os.arch: 'amd64', os.version: '10.0', java.version: '17.0.12'\nDriver info: driver.version: unknown\r\n\tat com.codeborne.selenide.impl.CollectionElementByCondition.getWebElement(CollectionElementByCondition.java:45)\r\n\tat com.codeborne.selenide.impl.WebElementSource.checkConditionAndReturnElement(WebElementSource.java:112)\r\n\t... 15 more\r\n"},"stage":"finished","description":"Тест проверяет установку значений в фильтрах и соответствие отображаемых тегов выбранным значениям","steps":[],"attachments":[],"parameters":[],"start":1753351661120,"stop":1753351669887}