{"uuid":"e2a5473e-1074-4d32-8233-9b39d225b40d","historyId":"1953453741727029ea49c22980b2e87b","testCaseId":"[engine:junit-jupiter]/[class:tests.flatSearchUiTests.FilterSearchTest]/[method:testFilterValuesDisplay()]","testCaseName":"Проверка отображения установленных значений фильтров","fullName":"tests.flatSearchUiTests.FilterSearchTest.testFilterValuesDisplay","labels":[{"name":"tag","value":"Smoke"},{"name":"junit.platform.uniqueid","value":"[engine:junit-jupiter]/[class:tests.flatSearchUiTests.FilterSearchTest]/[method:testFilterValuesDisplay()]"},{"name":"owner","value":"belikinA"},{"name":"story","value":"Фильтрация недвижимости"},{"name":"host","value":"DESKTOP-KS2QIT4"},{"name":"thread","value":"19976@DESKTOP-KS2QIT4.main(1)"},{"name":"framework","value":"junit-platform"},{"name":"language","value":"java"},{"name":"package","value":"tests.flatSearchUiTests.FilterSearchTest"},{"name":"testClass","value":"tests.flatSearchUiTests.FilterSearchTest"},{"name":"testMethod","value":"testFilterValuesDisplay"},{"name":"suite","value":"tests.flatSearchUiTests.FilterSearchTest"}],"links":[],"name":"Проверка отображения установленных значений фильтров","status":"failed","statusDetails":{"known":false,"muted":false,"flaky":false,"message":"Invalid element state [.select.rooms .field__element]: element click intercepted: Element <div class=\"field__element\">...</div> is not clickable at point (1366, 603). Other element would receive the click: <div class=\"popup__overlay popup__overlay_closed popup__overlay_flex popup__overlay_pos-x-left popup__overlay popup__overlay_opened\" style=\"transition: opacity 240ms cubic-bezier(0.4, 0, 0.2, 1); will-change: opacity;\">...</div>\r\nScreenshot: file:/C:/Users/Bilop/Documents/qa_guru_diploma_repo-9/build/selenide-reports/1754943623110.0.png\r\nPage source: file:/C:/Users/Bilop/Documents/qa_guru_diploma_repo-9/build/selenide-reports/1754943623110.0.html\r\nTimeout: 10 s.\r\nCaused by: ElementClickInterceptedException: element click intercepted: Element <div class=\"field__element\">...</div> is not clickable at point (1366, 603). Other element would receive the click: <div class=\"popup__overlay popup__overlay_closed popup__overlay_flex popup__overlay_pos-x-left popup__overlay popup__overlay_opened\" style=\"transition: opacity 240ms cubic-bezier(0.4, 0, 0.2, 1); will-change: opacity;\">...</div>","trace":"Invalid element state [.select.rooms .field__element]: element click intercepted: Element <div class=\"field__element\">...</div> is not clickable at point (1366, 603). Other element would receive the click: <div class=\"popup__overlay popup__overlay_closed popup__overlay_flex popup__overlay_pos-x-left popup__overlay popup__overlay_opened\" style=\"transition: opacity 240ms cubic-bezier(0.4, 0, 0.2, 1); will-change: opacity;\">...</div>\r\nScreenshot: file:/C:/Users/Bilop/Documents/qa_guru_diploma_repo-9/build/selenide-reports/1754943623110.0.png\r\nPage source: file:/C:/Users/Bilop/Documents/qa_guru_diploma_repo-9/build/selenide-reports/1754943623110.0.html\r\nTimeout: 10 s.\r\nCaused by: ElementClickInterceptedException: element click intercepted: Element <div class=\"field__element\">...</div> is not clickable at point (1366, 603). Other element would receive the click: <div class=\"popup__overlay popup__overlay_closed popup__overlay_flex popup__overlay_pos-x-left popup__overlay popup__overlay_opened\" style=\"transition: opacity 240ms cubic-bezier(0.4, 0, 0.2, 1); will-change: opacity;\">...</div>\r\n\tat com.codeborne.selenide.impl.ExceptionWrapper.wrap(ExceptionWrapper.java:19)\r\n\tat com.codeborne.selenide.impl.SelenideElementProxy.dispatchAndRetry(SelenideElementProxy.java:153)\r\n\tat com.codeborne.selenide.impl.SelenideElementProxy.invoke(SelenideElementProxy.java:83)\r\n\tat jdk.proxy2/jdk.proxy2.$Proxy17.click(Unknown Source)\r\n\tat pages.FilterSearchPage.openRoomsSelect(FilterSearchPage.java:89)\r\n\tat pages.FilterSearchPage.setRooms(FilterSearchPage.java:144)\r\n\tat tests.flatSearchUiTests.FilterSearchTest.lambda$testFilterValuesDisplay$17(FilterSearchTest.java:177)\r\n\tat io.qameta.allure.Allure.lambda$step$0(Allure.java:113)\r\n\tat io.qameta.allure.Allure.lambda$step$1(Allure.java:127)\r\n\tat io.qameta.allure.Allure.step(Allure.java:181)\r\n\tat io.qameta.allure.Allure.step(Allure.java:125)\r\n\tat io.qameta.allure.Allure.step(Allure.java:112)\r\n\tat tests.flatSearchUiTests.FilterSearchTest.testFilterValuesDisplay(FilterSearchTest.java:176)\r\n\tat java.base/java.lang.reflect.Method.invoke(Method.java:568)\r\n\tat java.base/java.util.ArrayList.forEach(ArrayList.java:1511)\r\n\tat java.base/java.util.ArrayList.forEach(ArrayList.java:1511)\r\nCaused by: org.openqa.selenium.ElementClickInterceptedException: element click intercepted: Element <div class=\"field__element\">...</div> is not clickable at point (1366, 603). Other element would receive the click: <div class=\"popup__overlay popup__overlay_closed popup__overlay_flex popup__overlay_pos-x-left popup__overlay popup__overlay_opened\" style=\"transition: opacity 240ms cubic-bezier(0.4, 0, 0.2, 1); will-change: opacity;\">...</div>\n  (Session info: chrome=128.0.6613.137)\nBuild info: version: '4.32.0', revision: 'd17c8aa950'\nSystem info: os.name: 'Windows 10', os.arch: 'amd64', os.version: '10.0', java.version: '17.0.12'\nDriver info: org.openqa.selenium.remote.RemoteWebDriver\nCommand: [1680a66933f697eaebdea51e18d93b60, clickElement {id=f.F7442BD6977B10B92BCAA4D8D1E7C001.d.81760C07A281838A2569E58DD2FE281E.e.15}]\nCapabilities {acceptInsecureCerts: true, browserName: chrome, browserVersion: 128.0.6613.137, chrome: {chromedriverVersion: 128.0.6613.18 (7d504c2c60ba..., userDataDir: /tmp/.org.chromium.Chromium...}, fedcm:accounts: true, goog:chromeOptions: {debuggerAddress: localhost:33645}, networkConnectionEnabled: false, pageLoadStrategy: normal, platformName: linux, proxy: Proxy(), se:cdp: ws://selenoid.autotests.clo..., se:cdpVersion: 128.0.6613.137, setWindowRect: true, strictFileInteractability: false, timeouts: {implicit: 0, pageLoad: 300000, script: 30000}, unhandledPromptBehavior: accept, webauthn:extension:credBlob: true, webauthn:extension:largeBlob: true, webauthn:extension:minPinLength: true, webauthn:extension:prf: true, webauthn:virtualAuthenticators: true}\nElement: [[RemoteWebDriver: chrome on linux (1680a66933f697eaebdea51e18d93b60)] -> css selector: .select.rooms .field__element]\nSession ID: 1680a66933f697eaebdea51e18d93b60\r\n\tat java.base/jdk.internal.reflect.NativeConstructorAccessorImpl.newInstance0(Native Method)\r\n\tat java.base/jdk.internal.reflect.NativeConstructorAccessorImpl.newInstance(NativeConstructorAccessorImpl.java:77)\r\n\tat java.base/jdk.internal.reflect.DelegatingConstructorAccessorImpl.newInstance(DelegatingConstructorAccessorImpl.java:45)\r\n\tat java.base/java.lang.reflect.Constructor.newInstanceWithCaller(Constructor.java:499)\r\n\tat java.base/java.lang.reflect.Constructor.newInstance(Constructor.java:480)\r\n\tat org.openqa.selenium.remote.ErrorCodec.decode(ErrorCodec.java:167)\r\n\tat org.openqa.selenium.remote.codec.w3c.W3CHttpResponseCodec.decode(W3CHttpResponseCodec.java:138)\r\n\tat org.openqa.selenium.remote.codec.w3c.W3CHttpResponseCodec.decode(W3CHttpResponseCodec.java:50)\r\n\tat org.openqa.selenium.remote.HttpCommandExecutor.execute(HttpCommandExecutor.java:215)\r\n\tat org.openqa.selenium.remote.RemoteWebDriver.execute(RemoteWebDriver.java:545)\r\n\tat org.openqa.selenium.remote.RemoteWebElement.execute(RemoteWebElement.java:223)\r\n\tat org.openqa.selenium.remote.RemoteWebElement.click(RemoteWebElement.java:76)\r\n\tat com.codeborne.selenide.commands.Click.defaultClick(Click.java:102)\r\n\tat com.codeborne.selenide.commands.Click.doClick(Click.java:80)\r\n\tat com.codeborne.selenide.commands.Click.click(Click.java:56)\r\n\tat com.codeborne.selenide.commands.Click.execute(Click.java:36)\r\n\tat com.codeborne.selenide.FluentCommand.execute(FluentCommand.java:27)\r\n\tat com.codeborne.selenide.FluentCommand.execute(FluentCommand.java:19)\r\n\tat com.codeborne.selenide.commands.Commands.execute(Commands.java:160)\r\n\tat com.codeborne.selenide.impl.SelenideElementProxy.dispatchAndRetry(SelenideElementProxy.java:131)\r\n\t... 14 more\r\n"},"stage":"finished","description":"Установка значений в фильтрах и соответствие отображаемого текста установленным значениям","steps":[{"name":"Открытие главной страницы","status":"passed","stage":"finished","steps":[{"name":"$(\"open\") https://trendrealty.ru/","status":"passed","stage":"finished","steps":[{"name":"$(\"open\") https://trendrealty.ru/","status":"passed","stage":"finished","steps":[{"name":"$(\"webdriver\") create()","status":"passed","stage":"finished","steps":[{"name":"$(\"webdriver\") create()","status":"passed","stage":"finished","steps":[],"attachments":[],"parameters":[],"start":1754943601858,"stop":1754943608936}],"attachments":[],"parameters":[],"start":1754943601858,"stop":1754943608937}],"attachments":[],"parameters":[],"start":1754943601856,"stop":1754943611062}],"attachments":[],"parameters":[],"start":1754943601856,"stop":1754943611062}],"attachments":[],"parameters":[],"start":1754943601854,"stop":1754943611731},{"name":"Установка значений фильтров","status":"failed","statusDetails":{"known":false,"muted":false,"flaky":false,"message":"Invalid element state [.select.rooms .field__element]: element click intercepted: Element <div class=\"field__element\">...</div> is not clickable at point (1366, 603). Other element would receive the click: <div class=\"popup__overlay popup__overlay_closed popup__overlay_flex popup__overlay_pos-x-left popup__overlay popup__overlay_opened\" style=\"transition: opacity 240ms cubic-bezier(0.4, 0, 0.2, 1); will-change: opacity;\">...</div>\r\nScreenshot: file:/C:/Users/Bilop/Documents/qa_guru_diploma_repo-9/build/selenide-reports/1754943623110.0.png\r\nPage source: file:/C:/Users/Bilop/Documents/qa_guru_diploma_repo-9/build/selenide-reports/1754943623110.0.html\r\nTimeout: 10 s.\r\nCaused by: ElementClickInterceptedException: element click intercepted: Element <div class=\"field__element\">...</div> is not clickable at point (1366, 603). Other element would receive the click: <div class=\"popup__overlay popup__overlay_closed popup__overlay_flex popup__overlay_pos-x-left popup__overlay popup__overlay_opened\" style=\"transition: opacity 240ms cubic-bezier(0.4, 0, 0.2, 1); will-change: opacity;\">...</div>","trace":"Invalid element state [.select.rooms .field__element]: element click intercepted: Element <div class=\"field__element\">...</div> is not clickable at point (1366, 603). Other element would receive the click: <div class=\"popup__overlay popup__overlay_closed popup__overlay_flex popup__overlay_pos-x-left popup__overlay popup__overlay_opened\" style=\"transition: opacity 240ms cubic-bezier(0.4, 0, 0.2, 1); will-change: opacity;\">...</div>\r\nScreenshot: file:/C:/Users/Bilop/Documents/qa_guru_diploma_repo-9/build/selenide-reports/1754943623110.0.png\r\nPage source: file:/C:/Users/Bilop/Documents/qa_guru_diploma_repo-9/build/selenide-reports/1754943623110.0.html\r\nTimeout: 10 s.\r\nCaused by: ElementClickInterceptedException: element click intercepted: Element <div class=\"field__element\">...</div> is not clickable at point (1366, 603). Other element would receive the click: <div class=\"popup__overlay popup__overlay_closed popup__overlay_flex popup__overlay_pos-x-left popup__overlay popup__overlay_opened\" style=\"transition: opacity 240ms cubic-bezier(0.4, 0, 0.2, 1); will-change: opacity;\">...</div>\r\n\tat com.codeborne.selenide.impl.ExceptionWrapper.wrap(ExceptionWrapper.java:19)\r\n\tat com.codeborne.selenide.impl.SelenideElementProxy.dispatchAndRetry(SelenideElementProxy.java:153)\r\n\tat com.codeborne.selenide.impl.SelenideElementProxy.invoke(SelenideElementProxy.java:83)\r\n\tat jdk.proxy2/jdk.proxy2.$Proxy17.click(Unknown Source)\r\n\tat pages.FilterSearchPage.openRoomsSelect(FilterSearchPage.java:89)\r\n\tat pages.FilterSearchPage.setRooms(FilterSearchPage.java:144)\r\n\tat tests.flatSearchUiTests.FilterSearchTest.lambda$testFilterValuesDisplay$17(FilterSearchTest.java:177)\r\n\tat io.qameta.allure.Allure.lambda$step$0(Allure.java:113)\r\n\tat io.qameta.allure.Allure.lambda$step$1(Allure.java:127)\r\n\tat io.qameta.allure.Allure.step(Allure.java:181)\r\n\tat io.qameta.allure.Allure.step(Allure.java:125)\r\n\tat io.qameta.allure.Allure.step(Allure.java:112)\r\n\tat tests.flatSearchUiTests.FilterSearchTest.testFilterValuesDisplay(FilterSearchTest.java:176)\r\n\tat java.base/jdk.internal.reflect.NativeMethodAccessorImpl.invoke0(Native Method)\r\n\tat java.base/jdk.internal.reflect.NativeMethodAccessorImpl.invoke(NativeMethodAccessorImpl.java:77)\r\n\tat java.base/jdk.internal.reflect.DelegatingMethodAccessorImpl.invoke(DelegatingMethodAccessorImpl.java:43)\r\n\tat java.base/java.lang.reflect.Method.invoke(Method.java:568)\r\n\tat org.junit.platform.commons.util.ReflectionUtils.invokeMethod(ReflectionUtils.java:728)\r\n\tat org.junit.jupiter.engine.execution.MethodInvocation.proceed(MethodInvocation.java:60)\r\n\tat org.junit.jupiter.engine.execution.InvocationInterceptorChain$ValidatingInvocation.proceed(InvocationInterceptorChain.java:131)\r\n\tat org.junit.jupiter.engine.extension.TimeoutExtension.intercept(TimeoutExtension.java:156)\r\n\tat org.junit.jupiter.engine.extension.TimeoutExtension.interceptTestableMethod(TimeoutExtension.java:147)\r\n\tat org.junit.jupiter.engine.extension.TimeoutExtension.interceptTestMethod(TimeoutExtension.java:86)\r\n\tat org.junit.jupiter.engine.execution.InterceptingExecutableInvoker$ReflectiveInterceptorCall.lambda$ofVoidMethod$0(InterceptingExecutableInvoker.java:103)\r\n\tat org.junit.jupiter.engine.execution.InterceptingExecutableInvoker.lambda$invoke$0(InterceptingExecutableInvoker.java:93)\r\n\tat org.junit.jupiter.engine.execution.InvocationInterceptorChain$InterceptedInvocation.proceed(InvocationInterceptorChain.java:106)\r\n\tat org.junit.jupiter.engine.execution.InvocationInterceptorChain.proceed(InvocationInterceptorChain.java:64)\r\n\tat org.junit.jupiter.engine.execution.InvocationInterceptorChain.chainAndInvoke(InvocationInterceptorChain.java:45)\r\n\tat org.junit.jupiter.engine.execution.InvocationInterceptorChain.invoke(InvocationInterceptorChain.java:37)\r\n\tat org.junit.jupiter.engine.execution.InterceptingExecutableInvoker.invoke(InterceptingExecutableInvoker.java:92)\r\n\tat org.junit.jupiter.engine.execution.InterceptingExecutableInvoker.invoke(InterceptingExecutableInvoker.java:86)\r\n\tat org.junit.jupiter.engine.descriptor.TestMethodTestDescriptor.lambda$invokeTestMethod$7(TestMethodTestDescriptor.java:218)\r\n\tat org.junit.platform.engine.support.hierarchical.ThrowableCollector.execute(ThrowableCollector.java:73)\r\n\tat org.junit.jupiter.engine.descriptor.TestMethodTestDescriptor.invokeTestMethod(TestMethodTestDescriptor.java:214)\r\n\tat org.junit.jupiter.engine.descriptor.TestMethodTestDescriptor.execute(TestMethodTestDescriptor.java:139)\r\n\tat org.junit.jupiter.engine.descriptor.TestMethodTestDescriptor.execute(TestMethodTestDescriptor.java:69)\r\n\tat org.junit.platform.engine.support.hierarchical.NodeTestTask.lambda$executeRecursively$6(NodeTestTask.java:151)\r\n\tat org.junit.platform.engine.support.hierarchical.ThrowableCollector.execute(ThrowableCollector.java:73)\r\n\tat org.junit.platform.engine.support.hierarchical.NodeTestTask.lambda$executeRecursively$8(NodeTestTask.java:141)\r\n\tat org.junit.platform.engine.support.hierarchical.Node.around(Node.java:137)\r\n\tat org.junit.platform.engine.support.hierarchical.NodeTestTask.lambda$executeRecursively$9(NodeTestTask.java:139)\r\n\tat org.junit.platform.engine.support.hierarchical.ThrowableCollector.execute(ThrowableCollector.java:73)\r\n\tat org.junit.platform.engine.support.hierarchical.NodeTestTask.executeRecursively(NodeTestTask.java:138)\r\n\tat org.junit.platform.engine.support.hierarchical.NodeTestTask.execute(NodeTestTask.java:95)\r\n\tat java.base/java.util.ArrayList.forEach(ArrayList.java:1511)\r\n\tat org.junit.platform.engine.support.hierarchical.SameThreadHierarchicalTestExecutorService.invokeAll(SameThreadHierarchicalTestExecutorService.java:41)\r\n\tat org.junit.platform.engine.support.hierarchical.NodeTestTask.lambda$executeRecursively$6(NodeTestTask.java:155)\r\n\tat org.junit.platform.engine.support.hierarchical.ThrowableCollector.execute(ThrowableCollector.java:73)\r\n\tat org.junit.platform.engine.support.hierarchical.NodeTestTask.lambda$executeRecursively$8(NodeTestTask.java:141)\r\n\tat org.junit.platform.engine.support.hierarchical.Node.around(Node.java:137)\r\n\tat org.junit.platform.engine.support.hierarchical.NodeTestTask.lambda$executeRecursively$9(NodeTestTask.java:139)\r\n\tat org.junit.platform.engine.support.hierarchical.ThrowableCollector.execute(ThrowableCollector.java:73)\r\n\tat org.junit.platform.engine.support.hierarchical.NodeTestTask.executeRecursively(NodeTestTask.java:138)\r\n\tat org.junit.platform.engine.support.hierarchical.NodeTestTask.execute(NodeTestTask.java:95)\r\n\tat java.base/java.util.ArrayList.forEach(ArrayList.java:1511)\r\n\tat org.junit.platform.engine.support.hierarchical.SameThreadHierarchicalTestExecutorService.invokeAll(SameThreadHierarchicalTestExecutorService.java:41)\r\n\tat org.junit.platform.engine.support.hierarchical.NodeTestTask.lambda$executeRecursively$6(NodeTestTask.java:155)\r\n\tat org.junit.platform.engine.support.hierarchical.ThrowableCollector.execute(ThrowableCollector.java:73)\r\n\tat org.junit.platform.engine.support.hierarchical.NodeTestTask.lambda$executeRecursively$8(NodeTestTask.java:141)\r\n\tat org.junit.platform.engine.support.hierarchical.Node.around(Node.java:137)\r\n\tat org.junit.platform.engine.support.hierarchical.NodeTestTask.lambda$executeRecursively$9(NodeTestTask.java:139)\r\n\tat org.junit.platform.engine.support.hierarchical.ThrowableCollector.execute(ThrowableCollector.java:73)\r\n\tat org.junit.platform.engine.support.hierarchical.NodeTestTask.executeRecursively(NodeTestTask.java:138)\r\n\tat org.junit.platform.engine.support.hierarchical.NodeTestTask.execute(NodeTestTask.java:95)\r\n\tat org.junit.platform.engine.support.hierarchical.SameThreadHierarchicalTestExecutorService.submit(SameThreadHierarchicalTestExecutorService.java:35)\r\n\tat org.junit.platform.engine.support.hierarchical.HierarchicalTestExecutor.execute(HierarchicalTestExecutor.java:57)\r\n\tat org.junit.platform.engine.support.hierarchical.HierarchicalTestEngine.execute(HierarchicalTestEngine.java:54)\r\n\tat org.junit.platform.launcher.core.EngineExecutionOrchestrator.execute(EngineExecutionOrchestrator.java:198)\r\n\tat org.junit.platform.launcher.core.EngineExecutionOrchestrator.execute(EngineExecutionOrchestrator.java:169)\r\n\tat org.junit.platform.launcher.core.EngineExecutionOrchestrator.execute(EngineExecutionOrchestrator.java:93)\r\n\tat org.junit.platform.launcher.core.EngineExecutionOrchestrator.lambda$execute$0(EngineExecutionOrchestrator.java:58)\r\n\tat org.junit.platform.launcher.core.EngineExecutionOrchestrator.withInterceptedStreams(EngineExecutionOrchestrator.java:141)\r\n\tat org.junit.platform.launcher.core.EngineExecutionOrchestrator.execute(EngineExecutionOrchestrator.java:57)\r\n\tat org.junit.platform.launcher.core.DefaultLauncher.execute(DefaultLauncher.java:103)\r\n\tat org.junit.platform.launcher.core.DefaultLauncher.execute(DefaultLauncher.java:94)\r\n\tat org.junit.platform.launcher.core.DelegatingLauncher.execute(DelegatingLauncher.java:52)\r\n\tat org.junit.platform.launcher.core.SessionPerRequestLauncher.execute(SessionPerRequestLauncher.java:70)\r\n\tat org.eclipse.jdt.internal.junit5.runner.JUnit5TestReference.run(JUnit5TestReference.java:100)\r\n\tat org.eclipse.jdt.internal.junit.runner.TestExecution.run(TestExecution.java:40)\r\n\tat org.eclipse.jdt.internal.junit.runner.RemoteTestRunner.runTests(RemoteTestRunner.java:520)\r\n\tat org.eclipse.jdt.internal.junit.runner.RemoteTestRunner.runTests(RemoteTestRunner.java:748)\r\n\tat org.eclipse.jdt.internal.junit.runner.RemoteTestRunner.run(RemoteTestRunner.java:443)\r\n\tat org.eclipse.jdt.internal.junit.runner.RemoteTestRunner.main(RemoteTestRunner.java:211)\r\nCaused by: org.openqa.selenium.ElementClickInterceptedException: element click intercepted: Element <div class=\"field__element\">...</div> is not clickable at point (1366, 603). Other element would receive the click: <div class=\"popup__overlay popup__overlay_closed popup__overlay_flex popup__overlay_pos-x-left popup__overlay popup__overlay_opened\" style=\"transition: opacity 240ms cubic-bezier(0.4, 0, 0.2, 1); will-change: opacity;\">...</div>\n  (Session info: chrome=128.0.6613.137)\nBuild info: version: '4.32.0', revision: 'd17c8aa950'\nSystem info: os.name: 'Windows 10', os.arch: 'amd64', os.version: '10.0', java.version: '17.0.12'\nDriver info: org.openqa.selenium.remote.RemoteWebDriver\nCommand: [1680a66933f697eaebdea51e18d93b60, clickElement {id=f.F7442BD6977B10B92BCAA4D8D1E7C001.d.81760C07A281838A2569E58DD2FE281E.e.15}]\nCapabilities {acceptInsecureCerts: true, browserName: chrome, browserVersion: 128.0.6613.137, chrome: {chromedriverVersion: 128.0.6613.18 (7d504c2c60ba..., userDataDir: /tmp/.org.chromium.Chromium...}, fedcm:accounts: true, goog:chromeOptions: {debuggerAddress: localhost:33645}, networkConnectionEnabled: false, pageLoadStrategy: normal, platformName: linux, proxy: Proxy(), se:cdp: ws://selenoid.autotests.clo..., se:cdpVersion: 128.0.6613.137, setWindowRect: true, strictFileInteractability: false, timeouts: {implicit: 0, pageLoad: 300000, script: 30000}, unhandledPromptBehavior: accept, webauthn:extension:credBlob: true, webauthn:extension:largeBlob: true, webauthn:extension:minPinLength: true, webauthn:extension:prf: true, webauthn:virtualAuthenticators: true}\nElement: [[RemoteWebDriver: chrome on linux (1680a66933f697eaebdea51e18d93b60)] -> css selector: .select.rooms .field__element]\nSession ID: 1680a66933f697eaebdea51e18d93b60\r\n\tat java.base/jdk.internal.reflect.NativeConstructorAccessorImpl.newInstance0(Native Method)\r\n\tat java.base/jdk.internal.reflect.NativeConstructorAccessorImpl.newInstance(NativeConstructorAccessorImpl.java:77)\r\n\tat java.base/jdk.internal.reflect.DelegatingConstructorAccessorImpl.newInstance(DelegatingConstructorAccessorImpl.java:45)\r\n\tat java.base/java.lang.reflect.Constructor.newInstanceWithCaller(Constructor.java:499)\r\n\tat java.base/java.lang.reflect.Constructor.newInstance(Constructor.java:480)\r\n\tat org.openqa.selenium.remote.ErrorCodec.decode(ErrorCodec.java:167)\r\n\tat org.openqa.selenium.remote.codec.w3c.W3CHttpResponseCodec.decode(W3CHttpResponseCodec.java:138)\r\n\tat org.openqa.selenium.remote.codec.w3c.W3CHttpResponseCodec.decode(W3CHttpResponseCodec.java:50)\r\n\tat org.openqa.selenium.remote.HttpCommandExecutor.execute(HttpCommandExecutor.java:215)\r\n\tat org.openqa.selenium.remote.RemoteWebDriver.execute(RemoteWebDriver.java:545)\r\n\tat org.openqa.selenium.remote.RemoteWebElement.execute(RemoteWebElement.java:223)\r\n\tat org.openqa.selenium.remote.RemoteWebElement.click(RemoteWebElement.java:76)\r\n\tat com.codeborne.selenide.commands.Click.defaultClick(Click.java:102)\r\n\tat com.codeborne.selenide.commands.Click.doClick(Click.java:80)\r\n\tat com.codeborne.selenide.commands.Click.click(Click.java:56)\r\n\tat com.codeborne.selenide.commands.Click.execute(Click.java:36)\r\n\tat com.codeborne.selenide.FluentCommand.execute(FluentCommand.java:27)\r\n\tat com.codeborne.selenide.FluentCommand.execute(FluentCommand.java:19)\r\n\tat com.codeborne.selenide.commands.Commands.execute(Commands.java:160)\r\n\tat com.codeborne.selenide.impl.SelenideElementProxy.dispatchAndRetry(SelenideElementProxy.java:131)\r\n\t... 81 more\r\n"},"stage":"finished","steps":[{"name":"$(\".select.rooms .field__element\") should be([visible, enabled])","status":"passed","stage":"finished","steps":[{"name":"$(\".select.rooms .field__element\") should be([visible, enabled])","status":"passed","stage":"finished","steps":[],"attachments":[],"parameters":[],"start":1754943611733,"stop":1754943612422}],"attachments":[],"parameters":[],"start":1754943611733,"stop":1754943612422},{"name":"$(\".select.rooms .field__element\") click()","status":"failed","statusDetails":{"known":false,"muted":false,"flaky":false,"message":"Invalid element state [.select.rooms .field__element]: element click intercepted: Element <div class=\"field__element\">...</div> is not clickable at point (1366, 603). Other element would receive the click: <div class=\"popup__overlay popup__overlay_closed popup__overlay_flex popup__overlay_pos-x-left popup__overlay popup__overlay_opened\" style=\"transition: opacity 240ms cubic-bezier(0.4, 0, 0.2, 1); will-change: opacity;\">...</div>\r\nScreenshot: file:/C:/Users/Bilop/Documents/qa_guru_diploma_repo-9/build/selenide-reports/1754943623110.0.png\r\nPage source: file:/C:/Users/Bilop/Documents/qa_guru_diploma_repo-9/build/selenide-reports/1754943623110.0.html\r\nTimeout: 10 s.\r\nCaused by: ElementClickInterceptedException: element click intercepted: Element <div class=\"field__element\">...</div> is not clickable at point (1366, 603). Other element would receive the click: <div class=\"popup__overlay popup__overlay_closed popup__overlay_flex popup__overlay_pos-x-left popup__overlay popup__overlay_opened\" style=\"transition: opacity 240ms cubic-bezier(0.4, 0, 0.2, 1); will-change: opacity;\">...</div>","trace":"Invalid element state [.select.rooms .field__element]: element click intercepted: Element <div class=\"field__element\">...</div> is not clickable at point (1366, 603). Other element would receive the click: <div class=\"popup__overlay popup__overlay_closed popup__overlay_flex popup__overlay_pos-x-left popup__overlay popup__overlay_opened\" style=\"transition: opacity 240ms cubic-bezier(0.4, 0, 0.2, 1); will-change: opacity;\">...</div>\r\nScreenshot: file:/C:/Users/Bilop/Documents/qa_guru_diploma_repo-9/build/selenide-reports/1754943623110.0.png\r\nPage source: file:/C:/Users/Bilop/Documents/qa_guru_diploma_repo-9/build/selenide-reports/1754943623110.0.html\r\nTimeout: 10 s.\r\nCaused by: ElementClickInterceptedException: element click intercepted: Element <div class=\"field__element\">...</div> is not clickable at point (1366, 603). Other element would receive the click: <div class=\"popup__overlay popup__overlay_closed popup__overlay_flex popup__overlay_pos-x-left popup__overlay popup__overlay_opened\" style=\"transition: opacity 240ms cubic-bezier(0.4, 0, 0.2, 1); will-change: opacity;\">...</div>\r\n\tat com.codeborne.selenide.impl.ExceptionWrapper.wrap(ExceptionWrapper.java:19)\r\n\tat com.codeborne.selenide.impl.SelenideElementProxy.dispatchAndRetry(SelenideElementProxy.java:153)\r\n\tat com.codeborne.selenide.impl.SelenideElementProxy.invoke(SelenideElementProxy.java:83)\r\n\tat jdk.proxy2/jdk.proxy2.$Proxy17.click(Unknown Source)\r\n\tat pages.FilterSearchPage.openRoomsSelect(FilterSearchPage.java:89)\r\n\tat pages.FilterSearchPage.setRooms(FilterSearchPage.java:144)\r\n\tat tests.flatSearchUiTests.FilterSearchTest.lambda$testFilterValuesDisplay$17(FilterSearchTest.java:177)\r\n\tat io.qameta.allure.Allure.lambda$step$0(Allure.java:113)\r\n\tat io.qameta.allure.Allure.lambda$step$1(Allure.java:127)\r\n\tat io.qameta.allure.Allure.step(Allure.java:181)\r\n\tat io.qameta.allure.Allure.step(Allure.java:125)\r\n\tat io.qameta.allure.Allure.step(Allure.java:112)\r\n\tat tests.flatSearchUiTests.FilterSearchTest.testFilterValuesDisplay(FilterSearchTest.java:176)\r\n\tat java.base/jdk.internal.reflect.NativeMethodAccessorImpl.invoke0(Native Method)\r\n\tat java.base/jdk.internal.reflect.NativeMethodAccessorImpl.invoke(NativeMethodAccessorImpl.java:77)\r\n\tat java.base/jdk.internal.reflect.DelegatingMethodAccessorImpl.invoke(DelegatingMethodAccessorImpl.java:43)\r\n\tat java.base/java.lang.reflect.Method.invoke(Method.java:568)\r\n\tat org.junit.platform.commons.util.ReflectionUtils.invokeMethod(ReflectionUtils.java:728)\r\n\tat org.junit.jupiter.engine.execution.MethodInvocation.proceed(MethodInvocation.java:60)\r\n\tat org.junit.jupiter.engine.execution.InvocationInterceptorChain$ValidatingInvocation.proceed(InvocationInterceptorChain.java:131)\r\n\tat org.junit.jupiter.engine.extension.TimeoutExtension.intercept(TimeoutExtension.java:156)\r\n\tat org.junit.jupiter.engine.extension.TimeoutExtension.interceptTestableMethod(TimeoutExtension.java:147)\r\n\tat org.junit.jupiter.engine.extension.TimeoutExtension.interceptTestMethod(TimeoutExtension.java:86)\r\n\tat org.junit.jupiter.engine.execution.InterceptingExecutableInvoker$ReflectiveInterceptorCall.lambda$ofVoidMethod$0(InterceptingExecutableInvoker.java:103)\r\n\tat org.junit.jupiter.engine.execution.InterceptingExecutableInvoker.lambda$invoke$0(InterceptingExecutableInvoker.java:93)\r\n\tat org.junit.jupiter.engine.execution.InvocationInterceptorChain$InterceptedInvocation.proceed(InvocationInterceptorChain.java:106)\r\n\tat org.junit.jupiter.engine.execution.InvocationInterceptorChain.proceed(InvocationInterceptorChain.java:64)\r\n\tat org.junit.jupiter.engine.execution.InvocationInterceptorChain.chainAndInvoke(InvocationInterceptorChain.java:45)\r\n\tat org.junit.jupiter.engine.execution.InvocationInterceptorChain.invoke(InvocationInterceptorChain.java:37)\r\n\tat org.junit.jupiter.engine.execution.InterceptingExecutableInvoker.invoke(InterceptingExecutableInvoker.java:92)\r\n\tat org.junit.jupiter.engine.execution.InterceptingExecutableInvoker.invoke(InterceptingExecutableInvoker.java:86)\r\n\tat org.junit.jupiter.engine.descriptor.TestMethodTestDescriptor.lambda$invokeTestMethod$7(TestMethodTestDescriptor.java:218)\r\n\tat org.junit.platform.engine.support.hierarchical.ThrowableCollector.execute(ThrowableCollector.java:73)\r\n\tat org.junit.jupiter.engine.descriptor.TestMethodTestDescriptor.invokeTestMethod(TestMethodTestDescriptor.java:214)\r\n\tat org.junit.jupiter.engine.descriptor.TestMethodTestDescriptor.execute(TestMethodTestDescriptor.java:139)\r\n\tat org.junit.jupiter.engine.descriptor.TestMethodTestDescriptor.execute(TestMethodTestDescriptor.java:69)\r\n\tat org.junit.platform.engine.support.hierarchical.NodeTestTask.lambda$executeRecursively$6(NodeTestTask.java:151)\r\n\tat org.junit.platform.engine.support.hierarchical.ThrowableCollector.execute(ThrowableCollector.java:73)\r\n\tat org.junit.platform.engine.support.hierarchical.NodeTestTask.lambda$executeRecursively$8(NodeTestTask.java:141)\r\n\tat org.junit.platform.engine.support.hierarchical.Node.around(Node.java:137)\r\n\tat org.junit.platform.engine.support.hierarchical.NodeTestTask.lambda$executeRecursively$9(NodeTestTask.java:139)\r\n\tat org.junit.platform.engine.support.hierarchical.ThrowableCollector.execute(ThrowableCollector.java:73)\r\n\tat org.junit.platform.engine.support.hierarchical.NodeTestTask.executeRecursively(NodeTestTask.java:138)\r\n\tat org.junit.platform.engine.support.hierarchical.NodeTestTask.execute(NodeTestTask.java:95)\r\n\tat java.base/java.util.ArrayList.forEach(ArrayList.java:1511)\r\n\tat org.junit.platform.engine.support.hierarchical.SameThreadHierarchicalTestExecutorService.invokeAll(SameThreadHierarchicalTestExecutorService.java:41)\r\n\tat org.junit.platform.engine.support.hierarchical.NodeTestTask.lambda$executeRecursively$6(NodeTestTask.java:155)\r\n\tat org.junit.platform.engine.support.hierarchical.ThrowableCollector.execute(ThrowableCollector.java:73)\r\n\tat org.junit.platform.engine.support.hierarchical.NodeTestTask.lambda$executeRecursively$8(NodeTestTask.java:141)\r\n\tat org.junit.platform.engine.support.hierarchical.Node.around(Node.java:137)\r\n\tat org.junit.platform.engine.support.hierarchical.NodeTestTask.lambda$executeRecursively$9(NodeTestTask.java:139)\r\n\tat org.junit.platform.engine.support.hierarchical.ThrowableCollector.execute(ThrowableCollector.java:73)\r\n\tat org.junit.platform.engine.support.hierarchical.NodeTestTask.executeRecursively(NodeTestTask.java:138)\r\n\tat org.junit.platform.engine.support.hierarchical.NodeTestTask.execute(NodeTestTask.java:95)\r\n\tat java.base/java.util.ArrayList.forEach(ArrayList.java:1511)\r\n\tat org.junit.platform.engine.support.hierarchical.SameThreadHierarchicalTestExecutorService.invokeAll(SameThreadHierarchicalTestExecutorService.java:41)\r\n\tat org.junit.platform.engine.support.hierarchical.NodeTestTask.lambda$executeRecursively$6(NodeTestTask.java:155)\r\n\tat org.junit.platform.engine.support.hierarchical.ThrowableCollector.execute(ThrowableCollector.java:73)\r\n\tat org.junit.platform.engine.support.hierarchical.NodeTestTask.lambda$executeRecursively$8(NodeTestTask.java:141)\r\n\tat org.junit.platform.engine.support.hierarchical.Node.around(Node.java:137)\r\n\tat org.junit.platform.engine.support.hierarchical.NodeTestTask.lambda$executeRecursively$9(NodeTestTask.java:139)\r\n\tat org.junit.platform.engine.support.hierarchical.ThrowableCollector.execute(ThrowableCollector.java:73)\r\n\tat org.junit.platform.engine.support.hierarchical.NodeTestTask.executeRecursively(NodeTestTask.java:138)\r\n\tat org.junit.platform.engine.support.hierarchical.NodeTestTask.execute(NodeTestTask.java:95)\r\n\tat org.junit.platform.engine.support.hierarchical.SameThreadHierarchicalTestExecutorService.submit(SameThreadHierarchicalTestExecutorService.java:35)\r\n\tat org.junit.platform.engine.support.hierarchical.HierarchicalTestExecutor.execute(HierarchicalTestExecutor.java:57)\r\n\tat org.junit.platform.engine.support.hierarchical.HierarchicalTestEngine.execute(HierarchicalTestEngine.java:54)\r\n\tat org.junit.platform.launcher.core.EngineExecutionOrchestrator.execute(EngineExecutionOrchestrator.java:198)\r\n\tat org.junit.platform.launcher.core.EngineExecutionOrchestrator.execute(EngineExecutionOrchestrator.java:169)\r\n\tat org.junit.platform.launcher.core.EngineExecutionOrchestrator.execute(EngineExecutionOrchestrator.java:93)\r\n\tat org.junit.platform.launcher.core.EngineExecutionOrchestrator.lambda$execute$0(EngineExecutionOrchestrator.java:58)\r\n\tat org.junit.platform.launcher.core.EngineExecutionOrchestrator.withInterceptedStreams(EngineExecutionOrchestrator.java:141)\r\n\tat org.junit.platform.launcher.core.EngineExecutionOrchestrator.execute(EngineExecutionOrchestrator.java:57)\r\n\tat org.junit.platform.launcher.core.DefaultLauncher.execute(DefaultLauncher.java:103)\r\n\tat org.junit.platform.launcher.core.DefaultLauncher.execute(DefaultLauncher.java:94)\r\n\tat org.junit.platform.launcher.core.DelegatingLauncher.execute(DelegatingLauncher.java:52)\r\n\tat org.junit.platform.launcher.core.SessionPerRequestLauncher.execute(SessionPerRequestLauncher.java:70)\r\n\tat org.eclipse.jdt.internal.junit5.runner.JUnit5TestReference.run(JUnit5TestReference.java:100)\r\n\tat org.eclipse.jdt.internal.junit.runner.TestExecution.run(TestExecution.java:40)\r\n\tat org.eclipse.jdt.internal.junit.runner.RemoteTestRunner.runTests(RemoteTestRunner.java:520)\r\n\tat org.eclipse.jdt.internal.junit.runner.RemoteTestRunner.runTests(RemoteTestRunner.java:748)\r\n\tat org.eclipse.jdt.internal.junit.runner.RemoteTestRunner.run(RemoteTestRunner.java:443)\r\n\tat org.eclipse.jdt.internal.junit.runner.RemoteTestRunner.main(RemoteTestRunner.java:211)\r\nCaused by: org.openqa.selenium.ElementClickInterceptedException: element click intercepted: Element <div class=\"field__element\">...</div> is not clickable at point (1366, 603). Other element would receive the click: <div class=\"popup__overlay popup__overlay_closed popup__overlay_flex popup__overlay_pos-x-left popup__overlay popup__overlay_opened\" style=\"transition: opacity 240ms cubic-bezier(0.4, 0, 0.2, 1); will-change: opacity;\">...</div>\n  (Session info: chrome=128.0.6613.137)\nBuild info: version: '4.32.0', revision: 'd17c8aa950'\nSystem info: os.name: 'Windows 10', os.arch: 'amd64', os.version: '10.0', java.version: '17.0.12'\nDriver info: org.openqa.selenium.remote.RemoteWebDriver\nCommand: [1680a66933f697eaebdea51e18d93b60, clickElement {id=f.F7442BD6977B10B92BCAA4D8D1E7C001.d.81760C07A281838A2569E58DD2FE281E.e.15}]\nCapabilities {acceptInsecureCerts: true, browserName: chrome, browserVersion: 128.0.6613.137, chrome: {chromedriverVersion: 128.0.6613.18 (7d504c2c60ba..., userDataDir: /tmp/.org.chromium.Chromium...}, fedcm:accounts: true, goog:chromeOptions: {debuggerAddress: localhost:33645}, networkConnectionEnabled: false, pageLoadStrategy: normal, platformName: linux, proxy: Proxy(), se:cdp: ws://selenoid.autotests.clo..., se:cdpVersion: 128.0.6613.137, setWindowRect: true, strictFileInteractability: false, timeouts: {implicit: 0, pageLoad: 300000, script: 30000}, unhandledPromptBehavior: accept, webauthn:extension:credBlob: true, webauthn:extension:largeBlob: true, webauthn:extension:minPinLength: true, webauthn:extension:prf: true, webauthn:virtualAuthenticators: true}\nElement: [[RemoteWebDriver: chrome on linux (1680a66933f697eaebdea51e18d93b60)] -> css selector: .select.rooms .field__element]\nSession ID: 1680a66933f697eaebdea51e18d93b60\r\n\tat java.base/jdk.internal.reflect.NativeConstructorAccessorImpl.newInstance0(Native Method)\r\n\tat java.base/jdk.internal.reflect.NativeConstructorAccessorImpl.newInstance(NativeConstructorAccessorImpl.java:77)\r\n\tat java.base/jdk.internal.reflect.DelegatingConstructorAccessorImpl.newInstance(DelegatingConstructorAccessorImpl.java:45)\r\n\tat java.base/java.lang.reflect.Constructor.newInstanceWithCaller(Constructor.java:499)\r\n\tat java.base/java.lang.reflect.Constructor.newInstance(Constructor.java:480)\r\n\tat org.openqa.selenium.remote.ErrorCodec.decode(ErrorCodec.java:167)\r\n\tat org.openqa.selenium.remote.codec.w3c.W3CHttpResponseCodec.decode(W3CHttpResponseCodec.java:138)\r\n\tat org.openqa.selenium.remote.codec.w3c.W3CHttpResponseCodec.decode(W3CHttpResponseCodec.java:50)\r\n\tat org.openqa.selenium.remote.HttpCommandExecutor.execute(HttpCommandExecutor.java:215)\r\n\tat org.openqa.selenium.remote.RemoteWebDriver.execute(RemoteWebDriver.java:545)\r\n\tat org.openqa.selenium.remote.RemoteWebElement.execute(RemoteWebElement.java:223)\r\n\tat org.openqa.selenium.remote.RemoteWebElement.click(RemoteWebElement.java:76)\r\n\tat com.codeborne.selenide.commands.Click.defaultClick(Click.java:102)\r\n\tat com.codeborne.selenide.commands.Click.doClick(Click.java:80)\r\n\tat com.codeborne.selenide.commands.Click.click(Click.java:56)\r\n\tat com.codeborne.selenide.commands.Click.execute(Click.java:36)\r\n\tat com.codeborne.selenide.FluentCommand.execute(FluentCommand.java:27)\r\n\tat com.codeborne.selenide.FluentCommand.execute(FluentCommand.java:19)\r\n\tat com.codeborne.selenide.commands.Commands.execute(Commands.java:160)\r\n\tat com.codeborne.selenide.impl.SelenideElementProxy.dispatchAndRetry(SelenideElementProxy.java:131)\r\n\t... 81 more\r\n"},"stage":"finished","steps":[{"name":"$(\".select.rooms .field__element\") click()","status":"failed","statusDetails":{"known":false,"muted":false,"flaky":false,"message":"Invalid element state [.select.rooms .field__element]: element click intercepted: Element <div class=\"field__element\">...</div> is not clickable at point (1366, 603). Other element would receive the click: <div class=\"popup__overlay popup__overlay_closed popup__overlay_flex popup__overlay_pos-x-left popup__overlay popup__overlay_opened\" style=\"transition: opacity 240ms cubic-bezier(0.4, 0, 0.2, 1); will-change: opacity;\">...</div>\r\nScreenshot: file:/C:/Users/Bilop/Documents/qa_guru_diploma_repo-9/build/selenide-reports/1754943623110.0.png\r\nPage source: file:/C:/Users/Bilop/Documents/qa_guru_diploma_repo-9/build/selenide-reports/1754943623110.0.html\r\nTimeout: 10 s.\r\nCaused by: ElementClickInterceptedException: element click intercepted: Element <div class=\"field__element\">...</div> is not clickable at point (1366, 603). Other element would receive the click: <div class=\"popup__overlay popup__overlay_closed popup__overlay_flex popup__overlay_pos-x-left popup__overlay popup__overlay_opened\" style=\"transition: opacity 240ms cubic-bezier(0.4, 0, 0.2, 1); will-change: opacity;\">...</div>","trace":"Invalid element state [.select.rooms .field__element]: element click intercepted: Element <div class=\"field__element\">...</div> is not clickable at point (1366, 603). Other element would receive the click: <div class=\"popup__overlay popup__overlay_closed popup__overlay_flex popup__overlay_pos-x-left popup__overlay popup__overlay_opened\" style=\"transition: opacity 240ms cubic-bezier(0.4, 0, 0.2, 1); will-change: opacity;\">...</div>\r\nScreenshot: file:/C:/Users/Bilop/Documents/qa_guru_diploma_repo-9/build/selenide-reports/1754943623110.0.png\r\nPage source: file:/C:/Users/Bilop/Documents/qa_guru_diploma_repo-9/build/selenide-reports/1754943623110.0.html\r\nTimeout: 10 s.\r\nCaused by: ElementClickInterceptedException: element click intercepted: Element <div class=\"field__element\">...</div> is not clickable at point (1366, 603). Other element would receive the click: <div class=\"popup__overlay popup__overlay_closed popup__overlay_flex popup__overlay_pos-x-left popup__overlay popup__overlay_opened\" style=\"transition: opacity 240ms cubic-bezier(0.4, 0, 0.2, 1); will-change: opacity;\">...</div>\r\n\tat com.codeborne.selenide.impl.ExceptionWrapper.wrap(ExceptionWrapper.java:19)\r\n\tat com.codeborne.selenide.impl.SelenideElementProxy.dispatchAndRetry(SelenideElementProxy.java:153)\r\n\tat com.codeborne.selenide.impl.SelenideElementProxy.invoke(SelenideElementProxy.java:83)\r\n\tat jdk.proxy2/jdk.proxy2.$Proxy17.click(Unknown Source)\r\n\tat pages.FilterSearchPage.openRoomsSelect(FilterSearchPage.java:89)\r\n\tat pages.FilterSearchPage.setRooms(FilterSearchPage.java:144)\r\n\tat tests.flatSearchUiTests.FilterSearchTest.lambda$testFilterValuesDisplay$17(FilterSearchTest.java:177)\r\n\tat io.qameta.allure.Allure.lambda$step$0(Allure.java:113)\r\n\tat io.qameta.allure.Allure.lambda$step$1(Allure.java:127)\r\n\tat io.qameta.allure.Allure.step(Allure.java:181)\r\n\tat io.qameta.allure.Allure.step(Allure.java:125)\r\n\tat io.qameta.allure.Allure.step(Allure.java:112)\r\n\tat tests.flatSearchUiTests.FilterSearchTest.testFilterValuesDisplay(FilterSearchTest.java:176)\r\n\tat java.base/jdk.internal.reflect.NativeMethodAccessorImpl.invoke0(Native Method)\r\n\tat java.base/jdk.internal.reflect.NativeMethodAccessorImpl.invoke(NativeMethodAccessorImpl.java:77)\r\n\tat java.base/jdk.internal.reflect.DelegatingMethodAccessorImpl.invoke(DelegatingMethodAccessorImpl.java:43)\r\n\tat java.base/java.lang.reflect.Method.invoke(Method.java:568)\r\n\tat org.junit.platform.commons.util.ReflectionUtils.invokeMethod(ReflectionUtils.java:728)\r\n\tat org.junit.jupiter.engine.execution.MethodInvocation.proceed(MethodInvocation.java:60)\r\n\tat org.junit.jupiter.engine.execution.InvocationInterceptorChain$ValidatingInvocation.proceed(InvocationInterceptorChain.java:131)\r\n\tat org.junit.jupiter.engine.extension.TimeoutExtension.intercept(TimeoutExtension.java:156)\r\n\tat org.junit.jupiter.engine.extension.TimeoutExtension.interceptTestableMethod(TimeoutExtension.java:147)\r\n\tat org.junit.jupiter.engine.extension.TimeoutExtension.interceptTestMethod(TimeoutExtension.java:86)\r\n\tat org.junit.jupiter.engine.execution.InterceptingExecutableInvoker$ReflectiveInterceptorCall.lambda$ofVoidMethod$0(InterceptingExecutableInvoker.java:103)\r\n\tat org.junit.jupiter.engine.execution.InterceptingExecutableInvoker.lambda$invoke$0(InterceptingExecutableInvoker.java:93)\r\n\tat org.junit.jupiter.engine.execution.InvocationInterceptorChain$InterceptedInvocation.proceed(InvocationInterceptorChain.java:106)\r\n\tat org.junit.jupiter.engine.execution.InvocationInterceptorChain.proceed(InvocationInterceptorChain.java:64)\r\n\tat org.junit.jupiter.engine.execution.InvocationInterceptorChain.chainAndInvoke(InvocationInterceptorChain.java:45)\r\n\tat org.junit.jupiter.engine.execution.InvocationInterceptorChain.invoke(InvocationInterceptorChain.java:37)\r\n\tat org.junit.jupiter.engine.execution.InterceptingExecutableInvoker.invoke(InterceptingExecutableInvoker.java:92)\r\n\tat org.junit.jupiter.engine.execution.InterceptingExecutableInvoker.invoke(InterceptingExecutableInvoker.java:86)\r\n\tat org.junit.jupiter.engine.descriptor.TestMethodTestDescriptor.lambda$invokeTestMethod$7(TestMethodTestDescriptor.java:218)\r\n\tat org.junit.platform.engine.support.hierarchical.ThrowableCollector.execute(ThrowableCollector.java:73)\r\n\tat org.junit.jupiter.engine.descriptor.TestMethodTestDescriptor.invokeTestMethod(TestMethodTestDescriptor.java:214)\r\n\tat org.junit.jupiter.engine.descriptor.TestMethodTestDescriptor.execute(TestMethodTestDescriptor.java:139)\r\n\tat org.junit.jupiter.engine.descriptor.TestMethodTestDescriptor.execute(TestMethodTestDescriptor.java:69)\r\n\tat org.junit.platform.engine.support.hierarchical.NodeTestTask.lambda$executeRecursively$6(NodeTestTask.java:151)\r\n\tat org.junit.platform.engine.support.hierarchical.ThrowableCollector.execute(ThrowableCollector.java:73)\r\n\tat org.junit.platform.engine.support.hierarchical.NodeTestTask.lambda$executeRecursively$8(NodeTestTask.java:141)\r\n\tat org.junit.platform.engine.support.hierarchical.Node.around(Node.java:137)\r\n\tat org.junit.platform.engine.support.hierarchical.NodeTestTask.lambda$executeRecursively$9(NodeTestTask.java:139)\r\n\tat org.junit.platform.engine.support.hierarchical.ThrowableCollector.execute(ThrowableCollector.java:73)\r\n\tat org.junit.platform.engine.support.hierarchical.NodeTestTask.executeRecursively(NodeTestTask.java:138)\r\n\tat org.junit.platform.engine.support.hierarchical.NodeTestTask.execute(NodeTestTask.java:95)\r\n\tat java.base/java.util.ArrayList.forEach(ArrayList.java:1511)\r\n\tat org.junit.platform.engine.support.hierarchical.SameThreadHierarchicalTestExecutorService.invokeAll(SameThreadHierarchicalTestExecutorService.java:41)\r\n\tat org.junit.platform.engine.support.hierarchical.NodeTestTask.lambda$executeRecursively$6(NodeTestTask.java:155)\r\n\tat org.junit.platform.engine.support.hierarchical.ThrowableCollector.execute(ThrowableCollector.java:73)\r\n\tat org.junit.platform.engine.support.hierarchical.NodeTestTask.lambda$executeRecursively$8(NodeTestTask.java:141)\r\n\tat org.junit.platform.engine.support.hierarchical.Node.around(Node.java:137)\r\n\tat org.junit.platform.engine.support.hierarchical.NodeTestTask.lambda$executeRecursively$9(NodeTestTask.java:139)\r\n\tat org.junit.platform.engine.support.hierarchical.ThrowableCollector.execute(ThrowableCollector.java:73)\r\n\tat org.junit.platform.engine.support.hierarchical.NodeTestTask.executeRecursively(NodeTestTask.java:138)\r\n\tat org.junit.platform.engine.support.hierarchical.NodeTestTask.execute(NodeTestTask.java:95)\r\n\tat java.base/java.util.ArrayList.forEach(ArrayList.java:1511)\r\n\tat org.junit.platform.engine.support.hierarchical.SameThreadHierarchicalTestExecutorService.invokeAll(SameThreadHierarchicalTestExecutorService.java:41)\r\n\tat org.junit.platform.engine.support.hierarchical.NodeTestTask.lambda$executeRecursively$6(NodeTestTask.java:155)\r\n\tat org.junit.platform.engine.support.hierarchical.ThrowableCollector.execute(ThrowableCollector.java:73)\r\n\tat org.junit.platform.engine.support.hierarchical.NodeTestTask.lambda$executeRecursively$8(NodeTestTask.java:141)\r\n\tat org.junit.platform.engine.support.hierarchical.Node.around(Node.java:137)\r\n\tat org.junit.platform.engine.support.hierarchical.NodeTestTask.lambda$executeRecursively$9(NodeTestTask.java:139)\r\n\tat org.junit.platform.engine.support.hierarchical.ThrowableCollector.execute(ThrowableCollector.java:73)\r\n\tat org.junit.platform.engine.support.hierarchical.NodeTestTask.executeRecursively(NodeTestTask.java:138)\r\n\tat org.junit.platform.engine.support.hierarchical.NodeTestTask.execute(NodeTestTask.java:95)\r\n\tat org.junit.platform.engine.support.hierarchical.SameThreadHierarchicalTestExecutorService.submit(SameThreadHierarchicalTestExecutorService.java:35)\r\n\tat org.junit.platform.engine.support.hierarchical.HierarchicalTestExecutor.execute(HierarchicalTestExecutor.java:57)\r\n\tat org.junit.platform.engine.support.hierarchical.HierarchicalTestEngine.execute(HierarchicalTestEngine.java:54)\r\n\tat org.junit.platform.launcher.core.EngineExecutionOrchestrator.execute(EngineExecutionOrchestrator.java:198)\r\n\tat org.junit.platform.launcher.core.EngineExecutionOrchestrator.execute(EngineExecutionOrchestrator.java:169)\r\n\tat org.junit.platform.launcher.core.EngineExecutionOrchestrator.execute(EngineExecutionOrchestrator.java:93)\r\n\tat org.junit.platform.launcher.core.EngineExecutionOrchestrator.lambda$execute$0(EngineExecutionOrchestrator.java:58)\r\n\tat org.junit.platform.launcher.core.EngineExecutionOrchestrator.withInterceptedStreams(EngineExecutionOrchestrator.java:141)\r\n\tat org.junit.platform.launcher.core.EngineExecutionOrchestrator.execute(EngineExecutionOrchestrator.java:57)\r\n\tat org.junit.platform.launcher.core.DefaultLauncher.execute(DefaultLauncher.java:103)\r\n\tat org.junit.platform.launcher.core.DefaultLauncher.execute(DefaultLauncher.java:94)\r\n\tat org.junit.platform.launcher.core.DelegatingLauncher.execute(DelegatingLauncher.java:52)\r\n\tat org.junit.platform.launcher.core.SessionPerRequestLauncher.execute(SessionPerRequestLauncher.java:70)\r\n\tat org.eclipse.jdt.internal.junit5.runner.JUnit5TestReference.run(JUnit5TestReference.java:100)\r\n\tat org.eclipse.jdt.internal.junit.runner.TestExecution.run(TestExecution.java:40)\r\n\tat org.eclipse.jdt.internal.junit.runner.RemoteTestRunner.runTests(RemoteTestRunner.java:520)\r\n\tat org.eclipse.jdt.internal.junit.runner.RemoteTestRunner.runTests(RemoteTestRunner.java:748)\r\n\tat org.eclipse.jdt.internal.junit.runner.RemoteTestRunner.run(RemoteTestRunner.java:443)\r\n\tat org.eclipse.jdt.internal.junit.runner.RemoteTestRunner.main(RemoteTestRunner.java:211)\r\nCaused by: org.openqa.selenium.ElementClickInterceptedException: element click intercepted: Element <div class=\"field__element\">...</div> is not clickable at point (1366, 603). Other element would receive the click: <div class=\"popup__overlay popup__overlay_closed popup__overlay_flex popup__overlay_pos-x-left popup__overlay popup__overlay_opened\" style=\"transition: opacity 240ms cubic-bezier(0.4, 0, 0.2, 1); will-change: opacity;\">...</div>\n  (Session info: chrome=128.0.6613.137)\nBuild info: version: '4.32.0', revision: 'd17c8aa950'\nSystem info: os.name: 'Windows 10', os.arch: 'amd64', os.version: '10.0', java.version: '17.0.12'\nDriver info: org.openqa.selenium.remote.RemoteWebDriver\nCommand: [1680a66933f697eaebdea51e18d93b60, clickElement {id=f.F7442BD6977B10B92BCAA4D8D1E7C001.d.81760C07A281838A2569E58DD2FE281E.e.15}]\nCapabilities {acceptInsecureCerts: true, browserName: chrome, browserVersion: 128.0.6613.137, chrome: {chromedriverVersion: 128.0.6613.18 (7d504c2c60ba..., userDataDir: /tmp/.org.chromium.Chromium...}, fedcm:accounts: true, goog:chromeOptions: {debuggerAddress: localhost:33645}, networkConnectionEnabled: false, pageLoadStrategy: normal, platformName: linux, proxy: Proxy(), se:cdp: ws://selenoid.autotests.clo..., se:cdpVersion: 128.0.6613.137, setWindowRect: true, strictFileInteractability: false, timeouts: {implicit: 0, pageLoad: 300000, script: 30000}, unhandledPromptBehavior: accept, webauthn:extension:credBlob: true, webauthn:extension:largeBlob: true, webauthn:extension:minPinLength: true, webauthn:extension:prf: true, webauthn:virtualAuthenticators: true}\nElement: [[RemoteWebDriver: chrome on linux (1680a66933f697eaebdea51e18d93b60)] -> css selector: .select.rooms .field__element]\nSession ID: 1680a66933f697eaebdea51e18d93b60\r\n\tat java.base/jdk.internal.reflect.NativeConstructorAccessorImpl.newInstance0(Native Method)\r\n\tat java.base/jdk.internal.reflect.NativeConstructorAccessorImpl.newInstance(NativeConstructorAccessorImpl.java:77)\r\n\tat java.base/jdk.internal.reflect.DelegatingConstructorAccessorImpl.newInstance(DelegatingConstructorAccessorImpl.java:45)\r\n\tat java.base/java.lang.reflect.Constructor.newInstanceWithCaller(Constructor.java:499)\r\n\tat java.base/java.lang.reflect.Constructor.newInstance(Constructor.java:480)\r\n\tat org.openqa.selenium.remote.ErrorCodec.decode(ErrorCodec.java:167)\r\n\tat org.openqa.selenium.remote.codec.w3c.W3CHttpResponseCodec.decode(W3CHttpResponseCodec.java:138)\r\n\tat org.openqa.selenium.remote.codec.w3c.W3CHttpResponseCodec.decode(W3CHttpResponseCodec.java:50)\r\n\tat org.openqa.selenium.remote.HttpCommandExecutor.execute(HttpCommandExecutor.java:215)\r\n\tat org.openqa.selenium.remote.RemoteWebDriver.execute(RemoteWebDriver.java:545)\r\n\tat org.openqa.selenium.remote.RemoteWebElement.execute(RemoteWebElement.java:223)\r\n\tat org.openqa.selenium.remote.RemoteWebElement.click(RemoteWebElement.java:76)\r\n\tat com.codeborne.selenide.commands.Click.defaultClick(Click.java:102)\r\n\tat com.codeborne.selenide.commands.Click.doClick(Click.java:80)\r\n\tat com.codeborne.selenide.commands.Click.click(Click.java:56)\r\n\tat com.codeborne.selenide.commands.Click.execute(Click.java:36)\r\n\tat com.codeborne.selenide.FluentCommand.execute(FluentCommand.java:27)\r\n\tat com.codeborne.selenide.FluentCommand.execute(FluentCommand.java:19)\r\n\tat com.codeborne.selenide.commands.Commands.execute(Commands.java:160)\r\n\tat com.codeborne.selenide.impl.SelenideElementProxy.dispatchAndRetry(SelenideElementProxy.java:131)\r\n\t... 81 more\r\n"},"stage":"finished","steps":[],"attachments":[{"name":"Screenshot","source":"65bd47b1-f516-4e68-9c7b-eb9cb3620970-attachment.png","type":"image/png"},{"name":"Page source","source":"89066976-a015-43b4-8ba0-646537114bd0-attachment.html","type":"text/html"}],"parameters":[],"start":1754943612422,"stop":1754943626462}],"attachments":[{"name":"Screenshot","source":"353312e5-c57a-4e6a-a7a2-e163d07a40f1-attachment.png","type":"image/png"},{"name":"Page source","source":"cbc2b35d-3de6-4dfa-9517-56719c8e7f08-attachment.html","type":"text/html"}],"parameters":[],"start":1754943612422,"stop":1754943627577}],"attachments":[],"parameters":[],"start":1754943611731,"stop":1754943627577}],"attachments":[],"parameters":[],"start":1754943601850,"stop":1754943628586}